# JRE version: OpenJDK Runtime Environment (8.0_112-b06) (build 1.8.0_112-release-b06)
# Java VM: OpenJDK 64-Bit Server VM (25.112-b06 mixed mode windows-amd64 compressed oops)
Heap:
 PSYoungGen      total 484352K, used 310432K [0x00000000e0000000, 0x0000000100000000, 0x0000000100000000)
  eden space 449024K, 61% used [0x00000000e0000000,0x00000000f0ca8518,0x00000000fb680000)
  from space 35328K, 99% used [0x00000000fb680000,0x00000000fd8ffc08,0x00000000fd900000)
  to   space 39936K, 0% used [0x00000000fd900000,0x00000000fd900000,0x0000000100000000)
 ParOldGen       total 122368K, used 88718K [0x00000000a0000000, 0x00000000a7780000, 0x00000000e0000000)
  object space 122368K, 72% used [0x00000000a0000000,0x00000000a56a3bb0,0x00000000a7780000)
 Metaspace       used 76727K, capacity 83414K, committed 83712K, reserved 1122304K
  class space    used 9753K, capacity 10709K, committed 10752K, reserved 1048576K
GC Heap History (10 events):
Event: 22285.601 GC heap before
{Heap before GC invocations=49 (full 4):
 PSYoungGen      total 482304K, used 448672K [0x00000000e0000000, 0x00000000ffe00000, 0x0000000100000000)
  eden space 442368K, 100% used [0x00000000e0000000,0x00000000fb000000,0x00000000fb000000)
  from space 39936K, 15% used [0x00000000fd700000,0x00000000fdd283f8,0x00000000ffe00000)
  to   space 39936K, 0% used [0x00000000fb000000,0x00000000fb000000,0x00000000fd700000)
 ParOldGen       total 122368K, used 72469K [0x00000000a0000000, 0x00000000a7780000, 0x00000000e0000000)
  object space 122368K, 59% used [0x00000000a0000000,0x00000000a46c55d8,0x00000000a7780000)
 Metaspace       used 76002K, capacity 82166K, committed 82304K, reserved 1120256K
  class space    used 9657K, capacity 10583K, committed 10624K, reserved 1048576K
Event: 22303.703 GC heap after
Heap after GC invocations=49 (full 4):
 PSYoungGen      total 482304K, used 9680K [0x00000000e0000000, 0x00000000ffd00000, 0x0000000100000000)
  eden space 442368K, 0% used [0x00000000e0000000,0x00000000e0000000,0x00000000fb000000)
  from space 39936K, 24% used [0x00000000fb000000,0x00000000fb974010,0x00000000fd700000)
  to   space 38400K, 0% used [0x00000000fd780000,0x00000000fd780000,0x00000000ffd00000)
 ParOldGen       total 122368K, used 72573K [0x00000000a0000000, 0x00000000a7780000, 0x00000000e0000000)
  object space 122368K, 59% used [0x00000000a0000000,0x00000000a46df5d8,0x00000000a7780000)
 Metaspace       used 76002K, capacity 82166K, committed 82304K, reserved 1120256K
  class space    used 9657K, capacity 10583K, committed 10624K, reserved 1048576K
}
Event: 22404.689 GC heap before
{Heap before GC invocations=50 (full 4):
 PSYoungGen      total 482304K, used 452048K [0x00000000e0000000, 0x00000000ffd00000, 0x0000000100000000)
  eden space 442368K, 100% used [0x00000000e0000000,0x00000000fb000000,0x00000000fb000000)
  from space 39936K, 24% used [0x00000000fb000000,0x00000000fb974010,0x00000000fd700000)
  to   space 38400K, 0% used [0x00000000fd780000,0x00000000fd780000,0x00000000ffd00000)
 ParOldGen       total 122368K, used 72573K [0x00000000a0000000, 0x00000000a7780000, 0x00000000e0000000)
  object space 122368K, 59% used [0x00000000a0000000,0x00000000a46df5d8,0x00000000a7780000)
 Metaspace       used 76036K, capacity 82172K, committed 82304K, reserved 1120256K
  class space    used 9658K, capacity 10584K, committed 10624K, reserved 1048576K
Event: 22417.165 GC heap after
Heap after GC invocations=50 (full 4):
 PSYoungGen      total 483328K, used 8264K [0x00000000e0000000, 0x00000000ffc80000, 0x0000000100000000)
  eden space 445440K, 0% used [0x00000000e0000000,0x00000000e0000000,0x00000000fb300000)
  from space 37888K, 21% used [0x00000000fd780000,0x00000000fdf921b8,0x00000000ffc80000)
  to   space 37376K, 0% used [0x00000000fb300000,0x00000000fb300000,0x00000000fd780000)
 ParOldGen       total 122368K, used 77885K [0x00000000a0000000, 0x00000000a7780000, 0x00000000e0000000)
  object space 122368K, 63% used [0x00000000a0000000,0x00000000a4c0f6a0,0x00000000a7780000)
 Metaspace       used 76036K, capacity 82172K, committed 82304K, reserved 1120256K
  class space    used 9658K, capacity 10584K, committed 10624K, reserved 1048576K
}
Event: 35001.798 GC heap before
{Heap before GC invocations=51 (full 4):
 PSYoungGen      total 483328K, used 453704K [0x00000000e0000000, 0x00000000ffc80000, 0x0000000100000000)
  eden space 445440K, 100% used [0x00000000e0000000,0x00000000fb300000,0x00000000fb300000)
  from space 37888K, 21% used [0x00000000fd780000,0x00000000fdf921b8,0x00000000ffc80000)
  to   space 37376K, 0% used [0x00000000fb300000,0x00000000fb300000,0x00000000fd780000)
 ParOldGen       total 122368K, used 77885K [0x00000000a0000000, 0x00000000a7780000, 0x00000000e0000000)
  object space 122368K, 63% used [0x00000000a0000000,0x00000000a4c0f6a0,0x00000000a7780000)
 Metaspace       used 76491K, capacity 83036K, committed 83200K, reserved 1122304K
  class space    used 9723K, capacity 10678K, committed 10752K, reserved 1048576K
Event: 35050.302 GC heap after
Heap after GC invocations=51 (full 4):
 PSYoungGen      total 482816K, used 16314K [0x00000000e0000000, 0x00000000ffc80000, 0x0000000100000000)
  eden space 445440K, 0% used [0x00000000e0000000,0x00000000e0000000,0x00000000fb300000)
  from space 37376K, 43% used [0x00000000fb300000,0x00000000fc2eeac8,0x00000000fd780000)
  to   space 35840K, 0% used [0x00000000fd980000,0x00000000fd980000,0x00000000ffc80000)
 ParOldGen       total 122368K, used 78037K [0x00000000a0000000, 0x00000000a7780000, 0x00000000e0000000)
  object space 122368K, 63% used [0x00000000a0000000,0x00000000a4c356b0,0x00000000a7780000)
 Metaspace       used 76491K, capacity 83036K, committed 83200K, reserved 1122304K
  class space    used 9723K, capacity 10678K, committed 10752K, reserved 1048576K
}
Event: 35654.847 GC heap before
{Heap before GC invocations=52 (full 4):
 PSYoungGen      total 482816K, used 461605K [0x00000000e0000000, 0x00000000ffc80000, 0x0000000100000000)
  eden space 445440K, 99% used [0x00000000e0000000,0x00000000fb2dac10,0x00000000fb300000)
  from space 37376K, 43% used [0x00000000fb300000,0x00000000fc2eeac8,0x00000000fd780000)
  to   space 35840K, 0% used [0x00000000fd980000,0x00000000fd980000,0x00000000ffc80000)
 ParOldGen       total 122368K, used 78037K [0x00000000a0000000, 0x00000000a7780000, 0x00000000e0000000)
  object space 122368K, 63% used [0x00000000a0000000,0x00000000a4c356b0,0x00000000a7780000)
 Metaspace       used 76623K, capacity 83238K, committed 83456K, reserved 1122304K
  class space    used 9743K, capacity 10697K, committed 10752K, reserved 1048576K
Event: 35672.796 GC heap after
Heap after GC invocations=52 (full 4):
 PSYoungGen      total 484864K, used 20263K [0x00000000e0000000, 0x00000000ffe80000, 0x0000000100000000)
  eden space 449024K, 0% used [0x00000000e0000000,0x00000000e0000000,0x00000000fb680000)
  from space 35840K, 56% used [0x00000000fd980000,0x00000000fed49d88,0x00000000ffc80000)
  to   space 35840K, 0% used [0x00000000fb680000,0x00000000fb680000,0x00000000fd980000)
 ParOldGen       total 122368K, used 79081K [0x00000000a0000000, 0x00000000a7780000, 0x00000000e0000000)
  object space 122368K, 64% used [0x00000000a0000000,0x00000000a4d3a6d0,0x00000000a7780000)
 Metaspace       used 76623K, capacity 83238K, committed 83456K, reserved 1122304K
  class space    used 9743K, capacity 10697K, committed 10752K, reserved 1048576K
}
Event: 35892.130 GC heap before
{Heap before GC invocations=53 (full 4):
 PSYoungGen      total 484864K, used 469287K [0x00000000e0000000, 0x00000000ffe80000, 0x0000000100000000)
  eden space 449024K, 100% used [0x00000000e0000000,0x00000000fb680000,0x00000000fb680000)
  from space 35840K, 56% used [0x00000000fd980000,0x00000000fed49d88,0x00000000ffc80000)
  to   space 35840K, 0% used [0x00000000fb680000,0x00000000fb680000,0x00000000fd980000)
 ParOldGen       total 122368K, used 79081K [0x00000000a0000000, 0x00000000a7780000, 0x00000000e0000000)
  object space 122368K, 64% used [0x00000000a0000000,0x00000000a4d3a6d0,0x00000000a7780000)
 Metaspace       used 76666K, capacity 83314K, committed 83456K, reserved 1122304K
  class space    used 9744K, capacity 10699K, committed 10752K, reserved 1048576K
Event: 35904.902 GC heap after
Heap after GC invocations=53 (full 4):
 PSYoungGen      total 484352K, used 35327K [0x00000000e0000000, 0x0000000100000000, 0x0000000100000000)
  eden space 449024K, 0% used [0x00000000e0000000,0x00000000e0000000,0x00000000fb680000)
  from space 35328K, 99% used [0x00000000fb680000,0x00000000fd8ffc08,0x00000000fd900000)
  to   space 39936K, 0% used [0x00000000fd900000,0x00000000fd900000,0x0000000100000000)
 ParOldGen       total 122368K, used 88718K [0x00000000a0000000, 0x00000000a7780000, 0x00000000e0000000)
  object space 122368K, 72% used [0x00000000a0000000,0x00000000a56a3bb0,0x00000000a7780000)
 Metaspace       used 76666K, capacity 83314K, committed 83456K, reserved 1122304K
  class space    used 9744K, capacity 10699K, committed 10752K, reserved 1048576K
}

